<?xml version="1.0" encoding="UTF-8"?>
<!-- Generated by org.testng.reporters.JUnitXMLReporter -->
<testsuite ignored="0" hostname="DESKTOP-MIA0C65" failures="0" tests="11" name="Surefire test" time="90.097" errors="0" timestamp="2021-07-27T18:42:54 IST">
  <testcase classname="com.test.classes.FillingFormTest" name="clickForEnterpriseTest" time="10.403"/>
  <testcase classname="com.test.classes.FillingFormTest" name="openFormTest" time="0.337"/>
  <testcase classname="com.test.classes.FillingFormTest" name="getDetailsTest" time="1.51"/>
  <testcase classname="com.test.classes.FillingFormTest" name="setDetailsTest" time="12.076"/>
  <testcase classname="com.test.classes.LanguageLearningTest" name="searchLanguageCourseTest" time="5.518"/>
  <testcase classname="com.test.classes.LanguageLearningTest" name="languageSelectTest" time="2.47"/>
  <testcase classname="com.test.classes.LanguageLearningTest" name="levelSelectTest" time="4.587"/>
  <testcase classname="com.test.classes.SearchCourseTest" name="enterCourseTest" time="3.899"/>
  <testcase classname="com.test.classes.SearchCourseTest" name="selectLevelTest" time="0.252"/>
  <testcase classname="com.test.classes.SearchCourseTest" name="checkFirstCourse" time="5.525"/>
  <testcase classname="com.test.classes.SearchCourseTest" name="checkSecondCourse" time="7.508"/>
</testsuite> <!-- Surefire test -->
