<?xml version="1.0" encoding="UTF-8"?>
<!-- Generated by org.testng.reporters.JUnitXMLReporter -->
<testsuite ignored="0" hostname="DESKTOP-MIA0C65" failures="0" tests="11" name="Default test" time="86.27" errors="0" timestamp="2021-07-27T18:14:14 IST">
  <testcase classname="com.test.classes.FillingFormTest" name="clickForEnterpriseTest" time="8.856"/>
  <testcase classname="com.test.classes.FillingFormTest" name="openFormTest" time="0.332"/>
  <testcase classname="com.test.classes.FillingFormTest" name="getDetailsTest" time="1.157"/>
  <testcase classname="com.test.classes.FillingFormTest" name="setDetailsTest" time="13.251"/>
  <testcase classname="com.test.classes.LanguageLearningTest" name="searchLanguageCourseTest" time="4.296"/>
  <testcase classname="com.test.classes.LanguageLearningTest" name="languageSelectTest" time="4.017"/>
  <testcase classname="com.test.classes.LanguageLearningTest" name="levelSelectTest" time="4.532"/>
  <testcase classname="com.test.classes.SearchCourseTest" name="enterCourseTest" time="4.188"/>
  <testcase classname="com.test.classes.SearchCourseTest" name="selectLevelTest" time="0.222"/>
  <testcase classname="com.test.classes.SearchCourseTest" name="checkFirstCourse" time="4.728"/>
  <testcase classname="com.test.classes.SearchCourseTest" name="checkSecondCourse" time="7.106"/>
</testsuite> <!-- Default test -->
