<?xml version="1.0" encoding="UTF-8"?>
<testsuite xmlns:xsi="http://www.w3.org/2001/XMLSchema-instance" xsi:noNamespaceSchemaLocation="https://maven.apache.org/surefire/maven-surefire-plugin/xsd/surefire-test-report.xsd" name="TestSuite" time="90.414" tests="11" errors="0" skipped="0" failures="0">
  <properties>
[...]
</properties>
  <testcase name="clickForEnterpriseTest" classname="com.test.classes.FillingFormTest" time="10.404"/>
  <testcase name="openFormTest" classname="com.test.classes.FillingFormTest" time="0.337"/>
  <testcase name="getDetailsTest" classname="com.test.classes.FillingFormTest" time="1.51"/>
  <testcase name="setDetailsTest" classname="com.test.classes.FillingFormTest" time="12.077"/>
  <testcase name="searchLanguageCourseTest" classname="com.test.classes.LanguageLearningTest" time="5.52"/>
  <testcase name="languageSelectTest" classname="com.test.classes.LanguageLearningTest" time="2.47"/>
  <testcase name="levelSelectTest" classname="com.test.classes.LanguageLearningTest" time="4.586"/>
  <testcase name="enterCourseTest" classname="com.test.classes.SearchCourseTest" time="3.898"/>
  <testcase name="selectLevelTest" classname="com.test.classes.SearchCourseTest" time="0.253"/>
  <testcase name="checkFirstCourse" classname="com.test.classes.SearchCourseTest" time="5.524"/>
  <testcase name="checkSecondCourse" classname="com.test.classes.SearchCourseTest" time="7.509"/>
</testsuite>