<?xml version="1.0" encoding="UTF-8"?>
<testng-results ignored="0" total="11" passed="11" failed="0" skipped="0">
  <reporter-output>
    <line>
      <![CDATA[English
(1527)
Spanish
(802)
Russian
(788)
French
(731)
Portuguese (Portugal)
(673)
Arabic
(594)
German
(589)
Vietnamese
(586)
Italian
(559)
Chinese (China)
(168)
Korean
(154)
Portuguese (Brazil)
(75)
Japanese
(69)
Turkish
(67)
Persian
(47)
Chinese (Traditional)
(43)
Greek
(24)
Ukrainian
(20)
Thai
(17)
Portuguese
(16)
Hindi
(14)
Dutch
(13)
Afrikaans
(12)
Urdu
(12)
Hungarian
(10)
Catalan
(9)
Javanese
(8)
Hebrew
(7)
Indonesian
(7)
Polish
(7)
Mongolian
(6)
Romanian
(6)
Slovak
(6)
Tamil
(5)
Czech
(4)
Serbian
(4)
Albanian
(3)
Bengali
(3)
Georgian
(3)
Swedish
(3)
Telugu
(3)
Burmese
(2)
Croatian
(2)
Estonian
(2)
Lithuanian
(2)
Uzbek
(2)
Bulgarian
(1)
Kazakh
(1)
Marathi
(1)
Nepali
(1)
Russian (Russia)
(1)]]>
    </line>
  </reporter-output>
  <suite started-at="2021-07-27T18:12:47 IST" name="Default suite" finished-at="2021-07-27T18:14:14 IST" duration-ms="86270">
    <groups>
      <group name="Regression">
        <method signature="FillingFormTest.clickForEnterpriseTest()[pri:1, instance:com.test.classes.FillingFormTest@4bb33f74]" name="clickForEnterpriseTest" class="com.test.classes.FillingFormTest"/>
        <method signature="FillingFormTest.getDetailsTest()[pri:3, instance:com.test.classes.FillingFormTest@4bb33f74]" name="getDetailsTest" class="com.test.classes.FillingFormTest"/>
        <method signature="FillingFormTest.openFormTest()[pri:2, instance:com.test.classes.FillingFormTest@4bb33f74]" name="openFormTest" class="com.test.classes.FillingFormTest"/>
        <method signature="FillingFormTest.setDetailsTest()[pri:4, instance:com.test.classes.FillingFormTest@4bb33f74]" name="setDetailsTest" class="com.test.classes.FillingFormTest"/>
        <method signature="LanguageLearningTest.languageSelectTest()[pri:6, instance:com.test.classes.LanguageLearningTest@759d26fb]" name="languageSelectTest" class="com.test.classes.LanguageLearningTest"/>
        <method signature="LanguageLearningTest.levelSelectTest()[pri:7, instance:com.test.classes.LanguageLearningTest@759d26fb]" name="levelSelectTest" class="com.test.classes.LanguageLearningTest"/>
        <method signature="LanguageLearningTest.searchLanguageCourseTest()[pri:5, instance:com.test.classes.LanguageLearningTest@759d26fb]" name="searchLanguageCourseTest" class="com.test.classes.LanguageLearningTest"/>
        <method signature="SearchCourseTest.checkFirstCourse()[pri:10, instance:com.test.classes.SearchCourseTest@3c73951]" name="checkFirstCourse" class="com.test.classes.SearchCourseTest"/>
        <method signature="SearchCourseTest.checkSecondCourse()[pri:11, instance:com.test.classes.SearchCourseTest@3c73951]" name="checkSecondCourse" class="com.test.classes.SearchCourseTest"/>
        <method signature="SearchCourseTest.enterCourseTest()[pri:8, instance:com.test.classes.SearchCourseTest@3c73951]" name="enterCourseTest" class="com.test.classes.SearchCourseTest"/>
        <method signature="SearchCourseTest.selectLevelTest()[pri:9, instance:com.test.classes.SearchCourseTest@3c73951]" name="selectLevelTest" class="com.test.classes.SearchCourseTest"/>
      </group> <!-- Regression -->
    </groups>
    <test started-at="2021-07-27T18:12:47 IST" name="Default test" finished-at="2021-07-27T18:14:14 IST" duration-ms="86270">
      <class name="com.test.classes.FillingFormTest">
        <test-method is-config="true" signature="InvokeBrowser()[pri:0, instance:com.test.classes.FillingFormTest@4bb33f74]" started-at="2021-07-27T18:12:47 IST" name="InvokeBrowser" finished-at="2021-07-27T18:12:53 IST" duration-ms="5254" status="PASS">
          <reporter-output>
          </reporter-output>
        </test-method> <!-- InvokeBrowser -->
        <test-method signature="clickForEnterpriseTest()[pri:1, instance:com.test.classes.FillingFormTest@4bb33f74]" started-at="2021-07-27T18:12:53 IST" name="clickForEnterpriseTest" finished-at="2021-07-27T18:13:01 IST" duration-ms="8856" status="PASS">
          <reporter-output>
          </reporter-output>
        </test-method> <!-- clickForEnterpriseTest -->
        <test-method signature="openFormTest()[pri:2, instance:com.test.classes.FillingFormTest@4bb33f74]" started-at="2021-07-27T18:13:01 IST" name="openFormTest" finished-at="2021-07-27T18:13:02 IST" duration-ms="332" status="PASS">
          <reporter-output>
          </reporter-output>
        </test-method> <!-- openFormTest -->
        <test-method signature="getDetailsTest()[pri:3, instance:com.test.classes.FillingFormTest@4bb33f74]" started-at="2021-07-27T18:13:02 IST" name="getDetailsTest" finished-at="2021-07-27T18:13:03 IST" duration-ms="1157" status="PASS">
          <reporter-output>
          </reporter-output>
        </test-method> <!-- getDetailsTest -->
        <test-method signature="setDetailsTest()[pri:4, instance:com.test.classes.FillingFormTest@4bb33f74]" started-at="2021-07-27T18:13:03 IST" name="setDetailsTest" finished-at="2021-07-27T18:13:16 IST" duration-ms="13251" status="PASS">
          <reporter-output>
          </reporter-output>
        </test-method> <!-- setDetailsTest -->
        <test-method is-config="true" signature="endTest()[pri:0, instance:com.test.classes.FillingFormTest@4bb33f74]" started-at="2021-07-27T18:13:16 IST" name="endTest" finished-at="2021-07-27T18:13:22 IST" duration-ms="5968" status="PASS">
          <reporter-output>
          </reporter-output>
        </test-method> <!-- endTest -->
      </class> <!-- com.test.classes.FillingFormTest -->
      <class name="com.test.classes.LanguageLearningTest">
        <test-method is-config="true" signature="invokeBrowser()[pri:0, instance:com.test.classes.LanguageLearningTest@759d26fb]" started-at="2021-07-27T18:13:22 IST" name="invokeBrowser" finished-at="2021-07-27T18:13:28 IST" duration-ms="5352" status="PASS">
          <reporter-output>
          </reporter-output>
        </test-method> <!-- invokeBrowser -->
        <test-method signature="searchLanguageCourseTest()[pri:5, instance:com.test.classes.LanguageLearningTest@759d26fb]" started-at="2021-07-27T18:13:28 IST" name="searchLanguageCourseTest" finished-at="2021-07-27T18:13:32 IST" duration-ms="4296" status="PASS">
          <reporter-output>
          </reporter-output>
        </test-method> <!-- searchLanguageCourseTest -->
        <test-method signature="languageSelectTest()[pri:6, instance:com.test.classes.LanguageLearningTest@759d26fb]" started-at="2021-07-27T18:13:32 IST" name="languageSelectTest" finished-at="2021-07-27T18:13:36 IST" duration-ms="4017" status="PASS">
          <reporter-output>
            <line>
              <![CDATA[English
(1527)
Spanish
(802)
Russian
(788)
French
(731)
Portuguese (Portugal)
(673)
Arabic
(594)
German
(589)
Vietnamese
(586)
Italian
(559)
Chinese (China)
(168)
Korean
(154)
Portuguese (Brazil)
(75)
Japanese
(69)
Turkish
(67)
Persian
(47)
Chinese (Traditional)
(43)
Greek
(24)
Ukrainian
(20)
Thai
(17)
Portuguese
(16)
Hindi
(14)
Dutch
(13)
Afrikaans
(12)
Urdu
(12)
Hungarian
(10)
Catalan
(9)
Javanese
(8)
Hebrew
(7)
Indonesian
(7)
Polish
(7)
Mongolian
(6)
Romanian
(6)
Slovak
(6)
Tamil
(5)
Czech
(4)
Serbian
(4)
Albanian
(3)
Bengali
(3)
Georgian
(3)
Swedish
(3)
Telugu
(3)
Burmese
(2)
Croatian
(2)
Estonian
(2)
Lithuanian
(2)
Uzbek
(2)
Bulgarian
(1)
Kazakh
(1)
Marathi
(1)
Nepali
(1)
Russian (Russia)
(1)]]>
            </line>
          </reporter-output>
        </test-method> <!-- languageSelectTest -->
        <test-method signature="levelSelectTest()[pri:7, instance:com.test.classes.LanguageLearningTest@759d26fb]" started-at="2021-07-27T18:13:36 IST" name="levelSelectTest" finished-at="2021-07-27T18:13:40 IST" duration-ms="4532" status="PASS">
          <reporter-output>
          </reporter-output>
        </test-method> <!-- levelSelectTest -->
        <test-method is-config="true" signature="endTest()[pri:0, instance:com.test.classes.LanguageLearningTest@759d26fb]" started-at="2021-07-27T18:13:40 IST" name="endTest" finished-at="2021-07-27T18:13:46 IST" duration-ms="5582" status="PASS">
          <reporter-output>
          </reporter-output>
        </test-method> <!-- endTest -->
      </class> <!-- com.test.classes.LanguageLearningTest -->
      <class name="com.test.classes.SearchCourseTest">
        <test-method is-config="true" signature="invokeBrowser()[pri:0, instance:com.test.classes.SearchCourseTest@3c73951]" started-at="2021-07-27T18:13:46 IST" name="invokeBrowser" finished-at="2021-07-27T18:13:52 IST" duration-ms="5608" status="PASS">
          <reporter-output>
          </reporter-output>
        </test-method> <!-- invokeBrowser -->
        <test-method signature="enterCourseTest()[pri:8, instance:com.test.classes.SearchCourseTest@3c73951]" started-at="2021-07-27T18:13:52 IST" name="enterCourseTest" finished-at="2021-07-27T18:13:56 IST" duration-ms="4188" status="PASS">
          <reporter-output>
          </reporter-output>
        </test-method> <!-- enterCourseTest -->
        <test-method signature="selectLevelTest()[pri:9, instance:com.test.classes.SearchCourseTest@3c73951]" started-at="2021-07-27T18:13:56 IST" name="selectLevelTest" finished-at="2021-07-27T18:13:56 IST" duration-ms="222" status="PASS">
          <reporter-output>
          </reporter-output>
        </test-method> <!-- selectLevelTest -->
        <test-method signature="checkFirstCourse()[pri:10, instance:com.test.classes.SearchCourseTest@3c73951]" started-at="2021-07-27T18:13:56 IST" name="checkFirstCourse" finished-at="2021-07-27T18:14:01 IST" duration-ms="4728" status="PASS">
          <reporter-output>
          </reporter-output>
        </test-method> <!-- checkFirstCourse -->
        <test-method signature="checkSecondCourse()[pri:11, instance:com.test.classes.SearchCourseTest@3c73951]" started-at="2021-07-27T18:14:01 IST" name="checkSecondCourse" finished-at="2021-07-27T18:14:08 IST" duration-ms="7106" status="PASS">
          <reporter-output>
          </reporter-output>
        </test-method> <!-- checkSecondCourse -->
        <test-method is-config="true" signature="endTest()[pri:0, instance:com.test.classes.SearchCourseTest@3c73951]" started-at="2021-07-27T18:14:08 IST" name="endTest" finished-at="2021-07-27T18:14:14 IST" duration-ms="5755" status="PASS">
          <reporter-output>
          </reporter-output>
        </test-method> <!-- endTest -->
      </class> <!-- com.test.classes.SearchCourseTest -->
    </test> <!-- Default test -->
  </suite> <!-- Default suite -->
</testng-results>
